Release 14.7 - ngc2edif P.20131013 (nt)
Copyright (c) 1995-2013 Xilinx, Inc.  All rights reserved.
Reading design Top_Design_Thing.ngc ...
WARNING:NetListWriters:298 - No output is written to Top_Design_Thing.xncf,
   ignored.
Processing design ...
   Preping design's networks ...
   Preping design's macros ...
  finished :Prep
Writing EDIF netlist file Top_Design_Thing.edif ...
ngc2edif: Total memory usage is 83516 kilobytes

Release 14.7 - ngc2edif P.20131013 (nt)
Copyright (c) 1995-2013 Xilinx, Inc.  All rights reserved.
Reading design Top_Design_Thing.ngc ...
WARNING:NetListWriters:298 - No output is written to Top_Design_Thing.xncf,
   ignored.
Processing design ...
   Preping design's networks ...
   Preping design's macros ...
  finished :Prep
Writing EDIF netlist file Top_Design_Thing.edif ...
ngc2edif: Total memory usage is 82688 kilobytes

Release 14.7 - ngc2edif P.20131013 (nt)
Copyright (c) 1995-2013 Xilinx, Inc.  All rights reserved.
Reading design Top_Design_Thing.ngc ...
WARNING:NetListWriters:298 - No output is written to Top_Design_Thing.xncf,
   ignored.
Processing design ...
   Preping design's networks ...
   Preping design's macros ...
  finished :Prep
Writing EDIF netlist file Top_Design_Thing.edif ...
ngc2edif: Total memory usage is 82112 kilobytes

Release 14.7 - ngc2edif P.20131013 (nt)
Copyright (c) 1995-2013 Xilinx, Inc.  All rights reserved.
Reading design Top_Design_Thing.ngc ...
WARNING:NetListWriters:298 - No output is written to Top_Design_Thing.xncf,
   ignored.
Processing design ...
   Preping design's networks ...
   Preping design's macros ...
  finished :Prep
Writing EDIF netlist file Top_Design_Thing.edif ...
ngc2edif: Total memory usage is 82112 kilobytes

Release 14.7 - ngc2edif P.20131013 (nt)
Copyright (c) 1995-2013 Xilinx, Inc.  All rights reserved.
Reading design Top_Design_Thing.ngc ...
WARNING:NetListWriters:298 - No output is written to Top_Design_Thing.xncf,
   ignored.
Processing design ...
   Preping design's networks ...
   Preping design's macros ...
  finished :Prep
Writing EDIF netlist file Top_Design_Thing.edif ...
ngc2edif: Total memory usage is 82496 kilobytes

Release 14.7 - ngc2edif P.20131013 (nt)
Copyright (c) 1995-2013 Xilinx, Inc.  All rights reserved.
Reading design Top_Design_Thing.ngc ...
WARNING:NetListWriters:298 - No output is written to Top_Design_Thing.xncf,
   ignored.
Processing design ...
   Preping design's networks ...
   Preping design's macros ...
  finished :Prep
Writing EDIF netlist file Top_Design_Thing.edif ...
ngc2edif: Total memory usage is 82176 kilobytes

Release 14.7 - ngc2edif P.20131013 (nt)
Copyright (c) 1995-2013 Xilinx, Inc.  All rights reserved.
Reading design Top_Design_Thing.ngc ...
WARNING:NetListWriters:298 - No output is written to Top_Design_Thing.xncf,
   ignored.
Processing design ...
   Preping design's networks ...
   Preping design's macros ...
  finished :Prep
Writing EDIF netlist file Top_Design_Thing.edif ...
ngc2edif: Total memory usage is 82048 kilobytes

Release 14.7 - ngc2edif P.20131013 (nt)
Copyright (c) 1995-2013 Xilinx, Inc.  All rights reserved.
Reading design Top_Design_Thing.ngc ...
WARNING:NetListWriters:298 - No output is written to Top_Design_Thing.xncf,
   ignored.
Processing design ...
   Preping design's networks ...
   Preping design's macros ...
  finished :Prep
Writing EDIF netlist file Top_Design_Thing.edif ...
ngc2edif: Total memory usage is 82176 kilobytes

Release 14.7 - ngc2edif P.20131013 (nt)
Copyright (c) 1995-2013 Xilinx, Inc.  All rights reserved.
Reading design Top_Design_Thing.ngc ...
WARNING:NetListWriters:298 - No output is written to Top_Design_Thing.xncf,
   ignored.
Processing design ...
   Preping design's networks ...
   Preping design's macros ...
  finished :Prep
Writing EDIF netlist file Top_Design_Thing.edif ...
ngc2edif: Total memory usage is 82176 kilobytes

Release 14.7 - ngc2edif P.20131013 (nt)
Copyright (c) 1995-2013 Xilinx, Inc.  All rights reserved.
Reading design Top_Design_Thing.ngc ...
WARNING:NetListWriters:298 - No output is written to Top_Design_Thing.xncf,
   ignored.
Processing design ...
   Preping design's networks ...
   Preping design's macros ...
  finished :Prep
Writing EDIF netlist file Top_Design_Thing.edif ...
ngc2edif: Total memory usage is 82496 kilobytes

Release 14.7 - ngc2edif P.20131013 (nt)
Copyright (c) 1995-2013 Xilinx, Inc.  All rights reserved.
Reading design Top_Design_Thing.ngc ...
WARNING:NetListWriters:298 - No output is written to Top_Design_Thing.xncf,
   ignored.
Processing design ...
   Preping design's networks ...
   Preping design's macros ...
  finished :Prep
Writing EDIF netlist file Top_Design_Thing.edif ...
ngc2edif: Total memory usage is 82112 kilobytes

Release 14.7 - ngc2edif P.20131013 (nt)
Copyright (c) 1995-2013 Xilinx, Inc.  All rights reserved.
Reading design Top_Design_Thing.ngc ...
WARNING:NetListWriters:298 - No output is written to Top_Design_Thing.xncf,
   ignored.
Processing design ...
   Preping design's networks ...
   Preping design's macros ...
  finished :Prep
Writing EDIF netlist file Top_Design_Thing.edif ...
ngc2edif: Total memory usage is 83072 kilobytes

Release 14.7 - ngc2edif P.20131013 (nt)
Copyright (c) 1995-2013 Xilinx, Inc.  All rights reserved.
Reading design Top_Design_Thing.ngc ...
WARNING:NetListWriters:298 - No output is written to Top_Design_Thing.xncf,
   ignored.
Processing design ...
   Preping design's networks ...
   Preping design's macros ...
  finished :Prep
Writing EDIF netlist file Top_Design_Thing.edif ...
ngc2edif: Total memory usage is 82368 kilobytes

Release 14.7 - ngc2edif P.20131013 (nt)
Copyright (c) 1995-2013 Xilinx, Inc.  All rights reserved.
Reading design Top_Design_Thing.ngc ...
WARNING:NetListWriters:298 - No output is written to Top_Design_Thing.xncf,
   ignored.
Processing design ...
   Preping design's networks ...
   Preping design's macros ...
  finished :Prep
Writing EDIF netlist file Top_Design_Thing.edif ...
ngc2edif: Total memory usage is 82304 kilobytes

Release 14.7 - ngc2edif P.20131013 (nt)
Copyright (c) 1995-2013 Xilinx, Inc.  All rights reserved.
Reading design Top_Design_Thing.ngc ...
WARNING:NetListWriters:298 - No output is written to Top_Design_Thing.xncf,
   ignored.
Processing design ...
   Preping design's networks ...
   Preping design's macros ...
  finished :Prep
Writing EDIF netlist file Top_Design_Thing.edif ...
ngc2edif: Total memory usage is 82112 kilobytes

Release 14.7 - ngc2edif P.20131013 (nt)
Copyright (c) 1995-2013 Xilinx, Inc.  All rights reserved.
Reading design Top_Design_Thing.ngc ...
WARNING:NetListWriters:298 - No output is written to Top_Design_Thing.xncf,
   ignored.
Processing design ...
   Preping design's networks ...
   Preping design's macros ...
WARNING:NetListWriters:306 - Signal bus XLXI_25/OutString<223 : 107> on block
   Top_Design_Thing is not reconstructed, because there are some missing bus
   signals.
  finished :Prep
Writing EDIF netlist file Top_Design_Thing.edif ...
ngc2edif: Total memory usage is 82496 kilobytes

Release 14.7 - ngc2edif P.20131013 (nt)
Copyright (c) 1995-2013 Xilinx, Inc.  All rights reserved.
Reading design Top_Design_Thing.ngc ...
WARNING:NetListWriters:298 - No output is written to Top_Design_Thing.xncf,
   ignored.
Processing design ...
   Preping design's networks ...
   Preping design's macros ...
WARNING:NetListWriters:306 - Signal bus XLXI_25/OutString<223 : 107> on block
   Top_Design_Thing is not reconstructed, because there are some missing bus
   signals.
  finished :Prep
Writing EDIF netlist file Top_Design_Thing.edif ...
ngc2edif: Total memory usage is 82816 kilobytes

Release 14.7 - ngc2edif P.20131013 (nt)
Copyright (c) 1995-2013 Xilinx, Inc.  All rights reserved.
Reading design Top_Design_Thing.ngc ...
WARNING:NetListWriters:298 - No output is written to Top_Design_Thing.xncf,
   ignored.
Processing design ...
   Preping design's networks ...
   Preping design's macros ...
WARNING:NetListWriters:306 - Signal bus XLXI_57/OutString<223 : 107> on block
   Top_Design_Thing is not reconstructed, because there are some missing bus
   signals.
  finished :Prep
Writing EDIF netlist file Top_Design_Thing.edif ...
ngc2edif: Total memory usage is 83136 kilobytes

Release 14.7 - ngc2edif P.20131013 (nt)
Copyright (c) 1995-2013 Xilinx, Inc.  All rights reserved.
Reading design Top_Design_Thing.ngc ...
WARNING:NetListWriters:298 - No output is written to Top_Design_Thing.xncf,
   ignored.
Processing design ...
   Preping design's networks ...
   Preping design's macros ...
WARNING:NetListWriters:306 - Signal bus XLXI_57/OutString<202 : 103> on block
   Top_Design_Thing is not reconstructed, because there are some missing bus
   signals.
  finished :Prep
Writing EDIF netlist file Top_Design_Thing.edif ...
ngc2edif: Total memory usage is 83136 kilobytes

Release 14.7 - ngc2edif P.20131013 (nt)
Copyright (c) 1995-2013 Xilinx, Inc.  All rights reserved.
Reading design Top_Design_Thing.ngc ...
WARNING:NetListWriters:298 - No output is written to Top_Design_Thing.xncf,
   ignored.
Processing design ...
   Preping design's networks ...
   Preping design's macros ...
WARNING:NetListWriters:306 - Signal bus XLXI_57/OutString<223 : 68> on block
   Top_Design_Thing is not reconstructed, because there are some missing bus
   signals.
  finished :Prep
Writing EDIF netlist file Top_Design_Thing.edif ...
ngc2edif: Total memory usage is 82816 kilobytes

Release 14.7 - ngc2edif P.20131013 (nt)
Copyright (c) 1995-2013 Xilinx, Inc.  All rights reserved.
Reading design Top_Design_Thing.ngc ...
WARNING:NetListWriters:298 - No output is written to Top_Design_Thing.xncf,
   ignored.
Processing design ...
   Preping design's networks ...
   Preping design's macros ...
WARNING:NetListWriters:306 - Signal bus XLXI_80/OutString<231 : 2> on block
   Top_Design_Thing is not reconstructed, because there are some missing bus
   signals.
WARNING:NetListWriters:306 - Signal bus XLXN_252<6 : 1> on block
   Top_Design_Thing is not reconstructed, because there are some missing bus
   signals.
WARNING:NetListWriters:306 - Signal bus XLXN_374<7 : 0> on block
   Top_Design_Thing is not reconstructed, because there are some missing bus
   signals.
  finished :Prep
Writing EDIF netlist file Top_Design_Thing.edif ...
ngc2edif: Total memory usage is 82560 kilobytes

Release 14.7 - ngc2edif P.20131013 (nt)
Copyright (c) 1995-2013 Xilinx, Inc.  All rights reserved.
Reading design Top_Design_Thing.ngc ...
WARNING:NetListWriters:298 - No output is written to Top_Design_Thing.xncf,
   ignored.
Processing design ...
   Preping design's networks ...
   Preping design's macros ...
WARNING:NetListWriters:306 - Signal bus XLXI_80/OutString<231 : 2> on block
   Top_Design_Thing is not reconstructed, because there are some missing bus
   signals.
WARNING:NetListWriters:306 - Signal bus XLXN_252<6 : 1> on block
   Top_Design_Thing is not reconstructed, because there are some missing bus
   signals.
WARNING:NetListWriters:306 - Signal bus XLXN_374<7 : 0> on block
   Top_Design_Thing is not reconstructed, because there are some missing bus
   signals.
  finished :Prep
Writing EDIF netlist file Top_Design_Thing.edif ...
ngc2edif: Total memory usage is 82112 kilobytes

