--------------------------------------------------------------------------------
Release 14.7 Trace  (nt64)
Copyright (c) 1995-2013 Xilinx, Inc.  All rights reserved.

C:\Xilinx\14.7\ISE_DS\ISE\bin\nt64\unwrapped\trce.exe -intstyle ise -v 3 -s 4
-n 3 -fastpaths -xml Top_Design_Thing.twx Top_Design_Thing.ncd -o
Top_Design_Thing.twr Top_Design_Thing.pcf -ucf Top_Design_Thing.ucf

Design file:              Top_Design_Thing.ncd
Physical constraint file: Top_Design_Thing.pcf
Device,package,speed:     xc3s500e,fg320,-4 (PRODUCTION 1.27 2013-10-13)
Report level:             verbose report

Environment Variable      Effect 
--------------------      ------ 
NONE                      No environment variables were set
--------------------------------------------------------------------------------

INFO:Timing:2698 - No timing constraints found, doing default enumeration.
INFO:Timing:3412 - To improve timing, see the Timing Closure User Guide (UG612).
INFO:Timing:2752 - To get complete path coverage, use the unconstrained paths 
   option. All paths that are not constrained will be reported in the 
   unconstrained paths section(s) of the report.
INFO:Timing:3339 - The clock-to-out numbers in this timing report are based on 
   a 50 Ohm transmission line loading model.  For the details of this model, 
   and for more information on accounting for different loading conditions, 
   please see the device datasheet.
INFO:Timing:3390 - This architecture does not support a default System Jitter 
   value, please add SYSTEM_JITTER constraint to the UCF to modify the Clock 
   Uncertainty calculation.
INFO:Timing:3389 - This architecture does not support 'Discrete Jitter' and 
   'Phase Error' calculations, these terms will be zero in the Clock 
   Uncertainty calculation.  Please make appropriate modification to 
   SYSTEM_JITTER to account for the unsupported Discrete Jitter and Phase 
   Error.



Data Sheet report:
-----------------
All values displayed in nanoseconds (ns)

Clock MCLK to Pad
------------+------------+------------------+--------+
            | clk (edge) |                  | Clock  |
Destination |   to PAD   |Internal Clock(s) | Phase  |
------------+------------+------------------+--------+
LCD_DATA<8> |    8.058(R)|MCLK_BUFGP        |   0.000|
LCD_DATA<9> |    8.009(R)|MCLK_BUFGP        |   0.000|
LCD_DATA<10>|    8.053(R)|MCLK_BUFGP        |   0.000|
LCD_DATA<11>|    7.955(R)|MCLK_BUFGP        |   0.000|
LCD_E       |    8.027(R)|MCLK_BUFGP        |   0.000|
LCD_RS      |    7.696(R)|MCLK_BUFGP        |   0.000|
LCD_RW      |    8.318(R)|MCLK_BUFGP        |   0.000|
------------+------------+------------------+--------+

Clock to Setup on destination clock MCLK
---------------+---------+---------+---------+---------+
               | Src:Rise| Src:Fall| Src:Rise| Src:Fall|
Source Clock   |Dest:Rise|Dest:Rise|Dest:Fall|Dest:Fall|
---------------+---------+---------+---------+---------+
MCLK           |    7.779|         |         |         |
---------------+---------+---------+---------+---------+


Analysis completed Sun Aug 02 19:51:30 2020 
--------------------------------------------------------------------------------

Trace Settings:
-------------------------
Trace Settings 

Peak Memory Usage: 4526 MB



