#-----------------------------------------------------------
# PlanAhead v14.7
# Build 321239 by xbuild on Fri Sep 27 19:31:35 MDT 2013
# Start of session at: Mon Aug 03 00:30:08 2020
# Process ID: 6136
# Log file: C:/Users/ECE/Desktop/Jerry/planAhead_run_4/planAhead.log
# Journal file: C:/Users/ECE/Desktop/Jerry/planAhead_run_4/planAhead.jou
#-----------------------------------------------------------
INFO: [Common 17-78] Attempting to get a license: PlanAhead
INFO: [Common 17-290] Got license for PlanAhead
INFO: [Common 17-86] Your PlanAhead license expires in -2438 day(s)
INFO: [Device 21-36] Loading parts and site information from C:/Xilinx/14.7/ISE_DS/PlanAhead/data/parts/arch.xml
Parsing RTL primitives file [C:/Xilinx/14.7/ISE_DS/PlanAhead/data/parts/xilinx/rtl/prims/rtl_prims.xml]
Finished parsing RTL primitives file [C:/Xilinx/14.7/ISE_DS/PlanAhead/data/parts/xilinx/rtl/prims/rtl_prims.xml]
start_gui
source C:/Users/ECE/Desktop/Jerry/pa.fromNetlist.tcl
# create_project -name Jerry -dir "C:/Users/ECE/Desktop/Jerry/planAhead_run_4" -part xc3s500efg320-4
ERROR: [Common 17-53] User Exception: Project already exists on disk, please use '-force' option to overwrite: 
     C:/Users/ECE/Desktop/Jerry/planAhead_run_4/Jerry.ppr
     C:/Users/ECE/Desktop/Jerry/planAhead_run_4/Jerry.data

    while executing
"create_project -name Jerry -dir "C:/Users/ECE/Desktop/Jerry/planAhead_run_4" -part xc3s500efg320-4"
    (file "C:/Users/ECE/Desktop/Jerry/pa.fromNetlist.tcl" line 4)
exit
INFO: [Common 17-206] Exiting PlanAhead at Mon Aug 03 01:10:11 2020...
INFO: [Common 17-83] Releasing license: PlanAhead
